Traceback (most recent call last):
  File "/Users/raminasser/anaconda3/envs/software_project/lib/python3.9/site-packages/jupyter_cache/executors/utils.py", line 58, in single_nb_execution
    executenb(
  File "/Users/raminasser/anaconda3/envs/software_project/lib/python3.9/site-packages/nbclient/client.py", line 1319, in execute
    return NotebookClient(nb=nb, resources=resources, km=km, **kwargs).execute()
  File "/Users/raminasser/anaconda3/envs/software_project/lib/python3.9/site-packages/jupyter_core/utils/__init__.py", line 165, in wrapped
    return loop.run_until_complete(inner)
  File "/Users/raminasser/anaconda3/envs/software_project/lib/python3.9/asyncio/base_events.py", line 647, in run_until_complete
    return future.result()
  File "/Users/raminasser/anaconda3/envs/software_project/lib/python3.9/site-packages/nbclient/client.py", line 709, in async_execute
    await self.async_execute_cell(
  File "/Users/raminasser/anaconda3/envs/software_project/lib/python3.9/site-packages/nbclient/client.py", line 1062, in async_execute_cell
    await self._check_raise_for_error(cell, cell_index, exec_reply)
  File "/Users/raminasser/anaconda3/envs/software_project/lib/python3.9/site-packages/nbclient/client.py", line 918, in _check_raise_for_error
    raise CellExecutionError.from_cell_and_msg(cell, exec_reply_content)
nbclient.exceptions.CellExecutionError: An error occurred while executing the following cell:
------------------
# @title
%%writefile tmp.c
#include <stdio.h>
#include <stdlib.h>
#include <string.h>
#include <assert.h>

#define N 5
#define MAXWORD 100
void sort_words(char *w[], int n);
void swap(char **p, char **q);
int main(void)
{
    char *w[N];
    char word[MAXWORD];
    int n = 0, i = 0;

    for (i = 0; scanf("%s", word) == 1; ++i)
    {
        if (i >= N)
        {
            printf("Sorry, at most % d words can be sorted.", N);
            exit(1);
        }
        w[i] = (char *)calloc(strlen(word) + 1, sizeof(char));
        assert(w[i] != NULL);
        strcpy(w[i], word);
    }
    n = i;
    sort_words(w, n);
    printf("In sorted order:\n");
    for (i = 0; i < n; ++i)
    {
        printf("%s\n", w[i]);
        free(w[i]);
    }
    return 0;
}
void sort_words(char *w[], int n)
{
    int i = 0, j = 0;
    for (i = 0; i < n; ++i)
        for (j = i + 1; j < n; ++j)
            if (strcmp(w[i], w[j]) > 0)
                swap(&w[i], &w[j]);
}

void swap(char **p, char **q)
{
    char *temp = NULL;
    temp = *p;
    *p = *q;
    *q = temp;
}

------------------


[0;36m  Cell [0;32mIn[1], line 10[0;36m[0m
[0;31m    void sort_words(char *w[], int n);[0m
[0m         ^[0m
[0;31mSyntaxError[0m[0;31m:[0m invalid syntax


